#
# There is insufficient memory for the Java Runtime Environment to continue.
# Native memory allocation (malloc) failed to allocate 206416 bytes for Chunk::new
# Possible reasons:
#   The system is out of physical RAM or swap space
#   In 32 bit mode, the process size limit was hit
# Possible solutions:
#   Reduce memory load on the system
#   Increase physical memory or swap space
#   Check if swap backing store is full
#   Use 64 bit Java on a 64 bit OS
#   Decrease Java heap size (-Xmx/-Xms)
#   Decrease number of Java threads
#   Decrease Java thread stack sizes (-Xss)
#   Set larger code cache with -XX:ReservedCodeCacheSize=
# This output file may be truncated or incomplete.
#
#  Out of Memory Error (allocation.cpp:390), pid=12068, tid=12248
#
# JRE version: Java(TM) SE Runtime Environment (8.0_91-b15) (build 1.8.0_91-b15)
# Java VM: Java HotSpot(TM) 64-Bit Server VM (25.91-b15 mixed mode windows-amd64 compressed oops)
# Failed to write core dump. Minidumps are not enabled by default on client versions of Windows
#

---------------  T H R E A D  ---------------

Current thread (0x00000000164e1800):  JavaThread "C2 CompilerThread0" daemon [_thread_in_native, id=12248, stack(0x0000000016b40000,0x0000000016c40000)]

Stack: [0x0000000016b40000,0x0000000016c40000]
[error occurred during error reporting (printing stack bounds), id 0xc0000005]

Native frames: (J=compiled Java code, j=interpreted, Vv=VM code, C=native code)


Current CompileTask:
C2:   3500 2642       4       sun.misc.ProxyGenerator$ConstantPool::getIndirect (67 bytes)


---------------  P R O C E S S  ---------------

Java Threads: ( => current thread )
  0x000000000260f000 JavaThread "DestroyJavaVM" [_thread_blocked, id=8568, stack(0x00000000027a0000,0x00000000028a0000)]
  0x0000000017889800 JavaThread "pool-1-thread-1" [_thread_blocked, id=10516, stack(0x0000000019af0000,0x0000000019bf0000)]
  0x0000000018833000 JavaThread "Abandoned connection cleanup thread" daemon [_thread_blocked, id=10896, stack(0x00000000170e0000,0x00000000171e0000)]
  0x0000000016546000 JavaThread "Service Thread" daemon [_thread_blocked, id=11852, stack(0x0000000016d70000,0x0000000016e70000)]
  0x000000001518e800 JavaThread "C1 CompilerThread2" daemon [_thread_blocked, id=2592, stack(0x0000000016fe0000,0x00000000170e0000)]
  0x000000001518d800 JavaThread "C2 CompilerThread1" daemon [_thread_blocked, id=11640, stack(0x0000000016ea0000,0x0000000016fa0000)]
=>0x00000000164e1800 JavaThread "C2 CompilerThread0" daemon [_thread_in_native, id=12248, stack(0x0000000016b40000,0x0000000016c40000)]
  0x00000000164cc000 JavaThread "Attach Listener" daemon [_thread_blocked, id=4892, stack(0x0000000016c40000,0x0000000016d40000)]
  0x00000000164cb000 JavaThread "Signal Dispatcher" daemon [_thread_blocked, id=3868, stack(0x00000000169a0000,0x0000000016aa0000)]
  0x000000001516a800 JavaThread "Finalizer" daemon [_thread_blocked, id=12028, stack(0x00000000163c0000,0x00000000164c0000)]
  0x0000000015123800 JavaThread "Reference Handler" daemon [_thread_blocked, id=11024, stack(0x0000000016240000,0x0000000016340000)]

Other Threads:
  0x000000001511c000 VMThread [stack: 0x00000000160b0000,0x00000000161b0000] [id=10424]
  0x0000000016578800 WatcherThread [stack: 0x0000000017250000,0x0000000017350000] [id=10528]

VM state:not at safepoint (normal execution)

VM Mutex/Monitor currently owned by a thread: None

Heap:
 PSYoungGen      total 68096K, used 54880K [0x00000000eb180000, 0x00000000f4180000, 0x0000000100000000)
  eden space 65536K, 83% used [0x00000000eb180000,0x00000000ee7181c0,0x00000000ef180000)
  from space 2560K, 0% used [0x00000000ef180000,0x00000000ef180000,0x00000000ef400000)
  to   space 8192K, 0% used [0x00000000f3980000,0x00000000f3980000,0x00000000f4180000)
 ParOldGen       total 39424K, used 10071K [0x00000000c1400000, 0x00000000c3a80000, 0x00000000eb180000)
  object space 39424K, 25% used [0x00000000c1400000,0x00000000c1dd5fa0,0x00000000c3a80000)
 Metaspace       used 28283K, capacity 28682K, committed 28800K, reserved 1075200K
  class space    used 3832K, capacity 3942K, committed 3968K, reserved 1048576K

Card table byte_map: [0x0000000011c60000,0x0000000011e60000] byte_map_base: 0x0000000011656000

Marking Bits: (ParMarkBitMap*) 0x00000000703d2f70
 Begin Bits: [0x0000000012630000, 0x00000000135e0000)
 End Bits:   [0x00000000135e0000, 0x0000000014590000)

Polling page: 0x00000000001c0000

CodeCache: size=245760Kb used=9148Kb max_used=9148Kb free=236611Kb
 bounds [0x00000000028a0000, 0x00000000031a0000, 0x00000000118a0000]
 total_blobs=3130 nmethods=2652 adapters=390
 compilation: enabled

Compilation events (10 events):
Event: 3.460 Thread 0x00000000164e1800 2642       4       sun.misc.ProxyGenerator$ConstantPool::getIndirect (67 bytes)
Event: 3.460 Thread 0x000000001518e800 nmethod 2639 0x0000000003161d50 code [0x0000000003161ec0, 0x0000000003162028]
Event: 3.460 Thread 0x000000001518e800 2641       3       sun.misc.ProxyGenerator::code_ipush (90 bytes)
Event: 3.461 Thread 0x000000001518e800 nmethod 2641 0x000000000316d550 code [0x000000000316d7a0, 0x000000000316e7e8]
Event: 3.461 Thread 0x000000001518e800 2644       3       sun.misc.ProxyGenerator$FieldInfo::<init> (44 bytes)
Event: 3.461 Thread 0x000000001518e800 nmethod 2644 0x000000000316cad0 code [0x000000000316cca0, 0x000000000316d1f8]
Event: 3.461 Thread 0x000000001518e800 2647       3       sun.misc.ProxyGenerator$ProxyMethod::generateMethod (733 bytes)
Event: 3.463 Thread 0x000000001518d800 nmethod 2632% 0x0000000003178210 code [0x0000000003178380, 0x0000000003178918]
Event: 3.463 Thread 0x000000001518d800 2643       4       sun.misc.ProxyGenerator$ConstantPool::getUtf8 (18 bytes)
Event: 3.463 Thread 0x000000001518d800 nmethod 2643 0x0000000003175310 code [0x0000000003175460, 0x00000000031754e8]

GC Heap History (10 events):
Event: 0.289 GC heap before
{Heap before GC invocations=2 (full 0):
 PSYoungGen      total 18944K, used 17391K [0x00000000eb180000, 0x00000000ed680000, 0x0000000100000000)
  eden space 16384K, 100% used [0x00000000eb180000,0x00000000ec180000,0x00000000ec180000)
  from space 2560K, 39% used [0x00000000ec180000,0x00000000ec27bca0,0x00000000ec400000)
  to   space 2560K, 0% used [0x00000000ed400000,0x00000000ed400000,0x00000000ed680000)
 ParOldGen       total 44032K, used 8K [0x00000000c1400000, 0x00000000c3f00000, 0x00000000eb180000)
  object space 44032K, 0% used [0x00000000c1400000,0x00000000c1402000,0x00000000c3f00000)
 Metaspace       used 5718K, capacity 5954K, committed 6144K, reserved 1056768K
  class space    used 669K, capacity 730K, committed 768K, reserved 1048576K
Event: 0.291 GC heap after
Heap after GC invocations=2 (full 0):
 PSYoungGen      total 35328K, used 2120K [0x00000000eb180000, 0x00000000ed680000, 0x0000000100000000)
  eden space 32768K, 0% used [0x00000000eb180000,0x00000000eb180000,0x00000000ed180000)
  from space 2560K, 82% used [0x00000000ed400000,0x00000000ed6122c8,0x00000000ed680000)
  to   space 2560K, 0% used [0x00000000ed180000,0x00000000ed180000,0x00000000ed400000)
 ParOldGen       total 44032K, used 16K [0x00000000c1400000, 0x00000000c3f00000, 0x00000000eb180000)
  object space 44032K, 0% used [0x00000000c1400000,0x00000000c1404000,0x00000000c3f00000)
 Metaspace       used 5718K, capacity 5954K, committed 6144K, reserved 1056768K
  class space    used 669K, capacity 730K, committed 768K, reserved 1048576K
}
Event: 1.039 GC heap before
{Heap before GC invocations=3 (full 0):
 PSYoungGen      total 35328K, used 34888K [0x00000000eb180000, 0x00000000ed680000, 0x0000000100000000)
  eden space 32768K, 100% used [0x00000000eb180000,0x00000000ed180000,0x00000000ed180000)
  from space 2560K, 82% used [0x00000000ed400000,0x00000000ed6122c8,0x00000000ed680000)
  to   space 2560K, 0% used [0x00000000ed180000,0x00000000ed180000,0x00000000ed400000)
 ParOldGen       total 44032K, used 16K [0x00000000c1400000, 0x00000000c3f00000, 0x00000000eb180000)
  object space 44032K, 0% used [0x00000000c1400000,0x00000000c1404000,0x00000000c3f00000)
 Metaspace       used 13484K, capacity 13774K, committed 13824K, reserved 1060864K
  class space    used 1658K, capacity 1753K, committed 1792K, reserved 1048576K
Event: 1.059 GC heap after
Heap after GC invocations=3 (full 0):
 PSYoungGen      total 35328K, used 2554K [0x00000000eb180000, 0x00000000ef680000, 0x0000000100000000)
  eden space 32768K, 0% used [0x00000000eb180000,0x00000000eb180000,0x00000000ed180000)
  from space 2560K, 99% used [0x00000000ed180000,0x00000000ed3fe950,0x00000000ed400000)
  to   space 2560K, 0% used [0x00000000ef400000,0x00000000ef400000,0x00000000ef680000)
 ParOldGen       total 44032K, used 3903K [0x00000000c1400000, 0x00000000c3f00000, 0x00000000eb180000)
  object space 44032K, 8% used [0x00000000c1400000,0x00000000c17cff90,0x00000000c3f00000)
 Metaspace       used 13484K, capacity 13774K, committed 13824K, reserved 1060864K
  class space    used 1658K, capacity 1753K, committed 1792K, reserved 1048576K
}
Event: 1.884 GC heap before
{Heap before GC invocations=4 (full 0):
 PSYoungGen      total 35328K, used 35322K [0x00000000eb180000, 0x00000000ef680000, 0x0000000100000000)
  eden space 32768K, 100% used [0x00000000eb180000,0x00000000ed180000,0x00000000ed180000)
  from space 2560K, 99% used [0x00000000ed180000,0x00000000ed3fe950,0x00000000ed400000)
  to   space 2560K, 0% used [0x00000000ef400000,0x00000000ef400000,0x00000000ef680000)
 ParOldGen       total 44032K, used 3903K [0x00000000c1400000, 0x00000000c3f00000, 0x00000000eb180000)
  object space 44032K, 8% used [0x00000000c1400000,0x00000000c17cff90,0x00000000c3f00000)
 Metaspace       used 18163K, capacity 18472K, committed 18560K, reserved 1064960K
  class space    used 2523K, capacity 2610K, committed 2688K, reserved 1048576K
Event: 1.895 GC heap after
Heap after GC invocations=4 (full 0):
 PSYoungGen      total 68096K, used 2530K [0x00000000eb180000, 0x00000000ef680000, 0x0000000100000000)
  eden space 65536K, 0% used [0x00000000eb180000,0x00000000eb180000,0x00000000ef180000)
  from space 2560K, 98% used [0x00000000ef400000,0x00000000ef678920,0x00000000ef680000)
  to   space 2560K, 0% used [0x00000000ef180000,0x00000000ef180000,0x00000000ef400000)
 ParOldGen       total 44032K, used 7877K [0x00000000c1400000, 0x00000000c3f00000, 0x00000000eb180000)
  object space 44032K, 17% used [0x00000000c1400000,0x00000000c1bb1668,0x00000000c3f00000)
 Metaspace       used 18163K, capacity 18472K, committed 18560K, reserved 1064960K
  class space    used 2523K, capacity 2610K, committed 2688K, reserved 1048576K
}
Event: 2.479 GC heap before
{Heap before GC invocations=5 (full 0):
 PSYoungGen      total 68096K, used 13708K [0x00000000eb180000, 0x00000000ef680000, 0x0000000100000000)
  eden space 65536K, 17% used [0x00000000eb180000,0x00000000ebc6aa80,0x00000000ef180000)
  from space 2560K, 98% used [0x00000000ef400000,0x00000000ef678920,0x00000000ef680000)
  to   space 2560K, 0% used [0x00000000ef180000,0x00000000ef180000,0x00000000ef400000)
 ParOldGen       total 44032K, used 7877K [0x00000000c1400000, 0x00000000c3f00000, 0x00000000eb180000)
  object space 44032K, 17% used [0x00000000c1400000,0x00000000c1bb1668,0x00000000c3f00000)
 Metaspace       used 20819K, capacity 21128K, committed 21248K, reserved 1067008K
  class space    used 2863K, capacity 2962K, committed 3072K, reserved 1048576K
Event: 2.486 GC heap after
Heap after GC invocations=5 (full 0):
 PSYoungGen      total 68096K, used 2546K [0x00000000eb180000, 0x00000000f4180000, 0x0000000100000000)
  eden space 65536K, 0% used [0x00000000eb180000,0x00000000eb180000,0x00000000ef180000)
  from space 2560K, 99% used [0x00000000ef180000,0x00000000ef3fc950,0x00000000ef400000)
  to   space 8192K, 0% used [0x00000000f3980000,0x00000000f3980000,0x00000000f4180000)
 ParOldGen       total 44032K, used 9779K [0x00000000c1400000, 0x00000000c3f00000, 0x00000000eb180000)
  object space 44032K, 22% used [0x00000000c1400000,0x00000000c1d8ce68,0x00000000c3f00000)
 Metaspace       used 20819K, capacity 21128K, committed 21248K, reserved 1067008K
  class space    used 2863K, capacity 2962K, committed 3072K, reserved 1048576K
}
Event: 2.486 GC heap before
{Heap before GC invocations=6 (full 1):
 PSYoungGen      total 68096K, used 2546K [0x00000000eb180000, 0x00000000f4180000, 0x0000000100000000)
  eden space 65536K, 0% used [0x00000000eb180000,0x00000000eb180000,0x00000000ef180000)
  from space 2560K, 99% used [0x00000000ef180000,0x00000000ef3fc950,0x00000000ef400000)
  to   space 8192K, 0% used [0x00000000f3980000,0x00000000f3980000,0x00000000f4180000)
 ParOldGen       total 44032K, used 9779K [0x00000000c1400000, 0x00000000c3f00000, 0x00000000eb180000)
  object space 44032K, 22% used [0x00000000c1400000,0x00000000c1d8ce68,0x00000000c3f00000)
 Metaspace       used 20819K, capacity 21128K, committed 21248K, reserved 1067008K
  class space    used 2863K, capacity 2962K, committed 3072K, reserved 1048576K
Event: 2.521 GC heap after
Heap after GC invocations=6 (full 1):
 PSYoungGen      total 68096K, used 0K [0x00000000eb180000, 0x00000000f4180000, 0x0000000100000000)
  eden space 65536K, 0% used [0x00000000eb180000,0x00000000eb180000,0x00000000ef180000)
  from space 2560K, 0% used [0x00000000ef180000,0x00000000ef180000,0x00000000ef400000)
  to   space 8192K, 0% used [0x00000000f3980000,0x00000000f3980000,0x00000000f4180000)
 ParOldGen       total 39424K, used 10071K [0x00000000c1400000, 0x00000000c3a80000, 0x00000000eb180000)
  object space 39424K, 25% used [0x00000000c1400000,0x00000000c1dd5fa0,0x00000000c3a80000)
 Metaspace       used 20819K, capacity 21128K, committed 21248K, reserved 1067008K
  class space    used 2863K, capacity 2962K, committed 3072K, reserved 1048576K
}

Deoptimization events (10 events):
Event: 2.682 Thread 0x000000000260f000 Uncommon trap: reason=unstable_if action=reinterpret pc=0x0000000002abc08c method=java.util.regex.Pattern$BmpCharProperty.match(Ljava/util/regex/Matcher;ILjava/lang/CharSequence;)Z @ 5
Event: 2.691 Thread 0x000000000260f000 Uncommon trap: reason=class_check action=maybe_recompile pc=0x0000000002cb9564 method=java.util.LinkedHashMap.afterNodeInsertion(Z)V @ 15
Event: 3.089 Thread 0x000000000260f000 Uncommon trap: reason=unstable_if action=reinterpret pc=0x0000000002ef9dac method=java.lang.String.regionMatches(ZILjava/lang/String;II)Z @ 123
Event: 3.305 Thread 0x000000000260f000 Uncommon trap: reason=unstable_if action=reinterpret pc=0x0000000002fdf250 method=java.lang.CharacterDataLatin1.isWhitespace(I)Z @ 14
Event: 3.305 Thread 0x000000000260f000 Uncommon trap: reason=unstable_if action=reinterpret pc=0x0000000002b235ec method=java.lang.CharacterDataLatin1.isWhitespace(I)Z @ 14
Event: 3.306 Thread 0x000000000260f000 Uncommon trap: reason=bimorphic action=maybe_recompile pc=0x000000000311d850 method=java.util.regex.Pattern$Start.match(Ljava/util/regex/Matcher;ILjava/lang/CharSequence;)Z @ 44
Event: 3.306 Thread 0x000000000260f000 Uncommon trap: reason=bimorphic action=maybe_recompile pc=0x000000000311d850 method=java.util.regex.Pattern$Start.match(Ljava/util/regex/Matcher;ILjava/lang/CharSequence;)Z @ 44
Event: 3.306 Thread 0x000000000260f000 Uncommon trap: reason=bimorphic action=maybe_recompile pc=0x000000000311d850 method=java.util.regex.Pattern$Start.match(Ljava/util/regex/Matcher;ILjava/lang/CharSequence;)Z @ 44
Event: 3.307 Thread 0x000000000260f000 Uncommon trap: reason=bimorphic action=maybe_recompile pc=0x000000000311d850 method=java.util.regex.Pattern$Start.match(Ljava/util/regex/Matcher;ILjava/lang/CharSequence;)Z @ 44
Event: 3.446 Thread 0x000000000260f000 Uncommon trap: reason=unstable_if action=reinterpret pc=0x0000000003054700 method=java.lang.reflect.Method.equals(Ljava/lang/Object;)Z @ 49

Internal exceptions (10 events):
Event: 0.453 Thread 0x000000000260f000 Exception <a 'java/lang/ArrayIndexOutOfBoundsException'> (0x00000000eb952bf8) thrown at [C:\re\workspace\8-2-build-windows-amd64-cygwin\jdk8u91\7017\hotspot\src\share\vm\runtime\sharedRuntime.cpp, line 605]
Event: 0.453 Thread 0x000000000260f000 Exception <a 'java/lang/ArrayIndexOutOfBoundsException'> (0x00000000eb954308) thrown at [C:\re\workspace\8-2-build-windows-amd64-cygwin\jdk8u91\7017\hotspot\src\share\vm\runtime\sharedRuntime.cpp, line 605]
Event: 0.460 Thread 0x000000000260f000 Exception <a 'java/lang/ArrayIndexOutOfBoundsException': 79> (0x00000000eb9ad1c8) thrown at [C:\re\workspace\8-2-build-windows-amd64-cygwin\jdk8u91\7017\hotspot\src\share\vm\interpreter\interpreterRuntime.cpp, line 366]
Event: 0.460 Thread 0x000000000260f000 Exception <a 'java/lang/ArrayIndexOutOfBoundsException': 81> (0x00000000eb9ae5b0) thrown at [C:\re\workspace\8-2-build-windows-amd64-cygwin\jdk8u91\7017\hotspot\src\share\vm\interpreter\interpreterRuntime.cpp, line 366]
Event: 0.460 Thread 0x000000000260f000 Exception <a 'java/lang/ArrayIndexOutOfBoundsException': 78> (0x00000000eb9af740) thrown at [C:\re\workspace\8-2-build-windows-amd64-cygwin\jdk8u91\7017\hotspot\src\share\vm\interpreter\interpreterRuntime.cpp, line 366]
Event: 0.460 Thread 0x000000000260f000 Exception <a 'java/lang/ArrayIndexOutOfBoundsException': 83> (0x00000000eb9b08f8) thrown at [C:\re\workspace\8-2-build-windows-amd64-cygwin\jdk8u91\7017\hotspot\src\share\vm\interpreter\interpreterRuntime.cpp, line 366]
Event: 0.460 Thread 0x000000000260f000 Exception <a 'java/lang/ArrayIndexOutOfBoundsException': 38> (0x00000000eb9b1668) thrown at [C:\re\workspace\8-2-build-windows-amd64-cygwin\jdk8u91\7017\hotspot\src\share\vm\interpreter\interpreterRuntime.cpp, line 366]
Event: 0.524 Thread 0x000000000260f000 Implicit null exception at 0x0000000002aad786 to 0x0000000002aadabd
Event: 0.636 Thread 0x000000000260f000 Implicit null exception at 0x0000000002a93886 to 0x0000000002a93bad
Event: 0.753 Thread 0x000000000260f000 Exception <a 'java/lang/ClassNotFoundException': com/sun/org/glassfish/hk2/osgiresourcelocator/ServiceLoader> (0x00000000ec4ecd48) thrown at [C:\re\workspace\8-2-build-windows-amd64-cygwin\jdk8u91\7017\hotspot\src\share\vm\classfile\systemDictionary.cpp, l=©Qùü˛‹?

Events (10 events):
Event: 3.451 loading class org/hibernate/ScrollMode
Event: 3.451 loading class org/hibernate/ScrollMode done
Event: 3.451 loading class org/hibernate/engine/spi/EntityKey
Event: 3.451 loading class org/hibernate/engine/spi/EntityKey done
Event: 3.451 loading class org/hibernate/collection/spi/PersistentCollection
Event: 3.451 loading class org/hibernate/collection/spi/PersistentCollection done
Event: 3.452 loading class org/hibernate/engine/jdbc/LobCreationContext$Callback
Event: 3.452 loading class org/hibernate/engine/jdbc/LobCreationContext$Callback done
Event: 3.458 loading class sun/misc/ProxyGenerator$1
Event: 3.458 loading class sun/misc/ProxyGenerator$1 done


Dynamic libraries:
0x000000013f770000 - 0x000000013f7a7000 	C:\Program Files\Java\jdk1.8.0_91\bin\javaw.exe
0x0000000077770000 - 0x000000007791a000 	C:\Windows\SYSTEM32\ntdll.dll
0x0000000077510000 - 0x000000007762f000 	C:\Windows\system32\kernel32.dll
0x000007fefd670000 - 0x000007fefd6db000 	C:\Windows\system32\KERNELBASE.dll
0x000007feff7d0000 - 0x000007feff8ab000 	C:\Windows\system32\ADVAPI32.dll
0x000007feff470000 - 0x000007feff50f000 	C:\Windows\system32\msvcrt.dll
0x000007fefee70000 - 0x000007fefee8f000 	C:\Windows\SYSTEM32\sechost.dll
0x000007feff510000 - 0x000007feff63d000 	C:\Windows\system32\RPCRT4.dll
0x0000000077410000 - 0x000000007750a000 	C:\Windows\system32\USER32.dll
0x000007fefee00000 - 0x000007fefee67000 	C:\Windows\system32\GDI32.dll
0x000007feff460000 - 0x000007feff46e000 	C:\Windows\system32\LPK.dll
0x000007fefd8f0000 - 0x000007fefd9ba000 	C:\Windows\system32\USP10.dll
0x000007fefbf10000 - 0x000007fefc104000 	C:\Windows\WinSxS\amd64_microsoft.windows.common-controls_6595b64144ccf1df_6.0.7601.18837_none_fa3b1e3d17594757\COMCTL32.dll
0x000007fefea90000 - 0x000007fefeb01000 	C:\Windows\system32\SHLWAPI.dll
0x000007fefd9c0000 - 0x000007fefd9ee000 	C:\Windows\system32\IMM32.DLL
0x000007feff970000 - 0x000007feffa79000 	C:\Windows\system32\MSCTF.dll
0x00000000790c0000 - 0x0000000079192000 	C:\Program Files\Java\jdk1.8.0_91\jre\bin\msvcr100.dll
0x000000006fbc0000 - 0x0000000070453000 	C:\Program Files\Java\jdk1.8.0_91\jre\bin\server\jvm.dll
0x000007fef2850000 - 0x000007fef2859000 	C:\Windows\system32\WSOCK32.dll
0x000007feff640000 - 0x000007feff68d000 	C:\Windows\system32\WS2_32.dll
0x000007feff450000 - 0x000007feff458000 	C:\Windows\system32\NSI.dll
0x000007fefd6e0000 - 0x000007fefd71b000 	C:\Windows\system32\WINMM.dll
0x000007fefc5a0000 - 0x000007fefc5ac000 	C:\Windows\system32\VERSION.dll
0x0000000077930000 - 0x0000000077937000 	C:\Windows\system32\PSAPI.DLL
0x0000000050a90000 - 0x0000000050a9f000 	C:\Program Files\Java\jdk1.8.0_91\jre\bin\verify.dll
0x000000006d170000 - 0x000000006d199000 	C:\Program Files\Java\jdk1.8.0_91\jre\bin\java.dll
0x0000000070720000 - 0x0000000070736000 	C:\Program Files\Java\jdk1.8.0_91\jre\bin\zip.dll
0x000007fefda70000 - 0x000007fefe7f9000 	C:\Windows\system32\SHELL32.dll
0x000007feff240000 - 0x000007feff443000 	C:\Windows\system32\ole32.dll
0x000007fefd440000 - 0x000007fefd44f000 	C:\Windows\system32\profapi.dll
0x0000000000490000 - 0x00000000004aa000 	C:\Program Files\Java\jdk1.8.0_91\jre\bin\net.dll
0x000007fefcc70000 - 0x000007fefccc5000 	C:\Windows\system32\mswsock.dll
0x000007fefcc60000 - 0x000007fefcc67000 	C:\Windows\System32\wship6.dll
0x000007fefc670000 - 0x000007fefc677000 	C:\Windows\System32\wshtcpip.dll
0x000007fefcaf0000 - 0x000007fefcb4b000 	C:\Windows\system32\DNSAPI.dll
0x000007fefb3e0000 - 0x000007fefb407000 	C:\Windows\system32\IPHLPAPI.DLL
0x000007fefb3c0000 - 0x000007fefb3cb000 	C:\Windows\system32\WINNSI.DLL
0x000007fef8f50000 - 0x000007fef8f58000 	C:\Windows\system32\rasadhlp.dll
0x000007fefb190000 - 0x000007fefb1e3000 	C:\Windows\System32\fwpuclnt.dll
0x000007fefccd0000 - 0x000007fefcce7000 	C:\Windows\system32\CRYPTSP.dll
0x000007fefc9d0000 - 0x000007fefca17000 	C:\Windows\system32\rsaenh.dll
0x000007fefc790000 - 0x000007fefc7ae000 	C:\Windows\system32\USERENV.dll
0x000007fefd410000 - 0x000007fefd41f000 	C:\Windows\system32\CRYPTBASE.dll
0x000007fefb060000 - 0x000007fefb071000 	C:\Windows\system32\dhcpcsvc6.DLL
0x000007fefb080000 - 0x000007fefb098000 	C:\Windows\system32\dhcpcsvc.DLL
0x000000006f9e0000 - 0x000000006f9f1000 	C:\Program Files\Java\jdk1.8.0_91\jre\bin\nio.dll

VM Arguments:
jvm_args: -Dfile.encoding=UTF-8 
java_command: com.imlc.demo.test.Test
java_class_path (initial): E:\workspace\first\target\classes;D:\maven\repository\commons-beanutils\commons-beanutils\1.9.2\commons-beanutils-1.9.2.jar;D:\maven\repository\commons-logging\commons-logging\1.1.1\commons-logging-1.1.1.jar;D:\maven\repository\commons-collections\commons-collections\3.2.1\commons-collections-3.2.1.jar;D:\maven\repository\javax\servlet\javax.servlet-api\3.1.0\javax.servlet-api-3.1.0.jar;D:\maven\repository\javax\javaee-api\7.0\javaee-api-7.0.jar;D:\maven\repository\com\sun\mail\javax.mail\1.5.0\javax.mail-1.5.0.jar;D:\maven\repository\javax\activation\activation\1.1\activation-1.1.jar;D:\maven\repository\javax\servlet\jsp-api\2.0\jsp-api-2.0.jar;D:\maven\repository\javax\servlet\servlet-api\2.4\servlet-api-2.4.jar;D:\maven\repository\org\mortbay\jetty\servlet-api\3.0.20100224\servlet-api-3.0.20100224.jar;D:\maven\repository\org\apache\geronimo\bundles\jstl\1.2_1\jstl-1.2_1.jar;D:\maven\repository\taglibs\standard\1.1.2\standard-1.1.2.jar;D:\maven\repository\mysql\mysql-connector-java\5.1.35\mysql-connector-java-5.1.35.jar;D:\maven\repository\org\hibernate\hibernate-entitymanager\5.2.1.Final\hibernate-entitymanager-5.2.1.Final.jar;D:\maven\repository\org\jboss\logging\jboss-logging\3.3.0.Final\jboss-logging-3.3.0.Final.jar;D:\maven\repository\dom4j\dom4j\1.6.1\dom4j-1.6.1.jar;D:\maven\repository\org\hibernate\common\hibernate-commons-annotations\5.0.1.Final\hibernate-commons-annotations-5.0.1.Final.jar;D:\maven\repository\org\javassist\javassist\3.20.0-GA\javassist-3.20.0-GA.jar;D:\maven\repository\org\apache\geronimo\specs\geronimo-jta_1.1_spec\1.1.1\geronimo-jta_1.1_spec-1.1.1.jar;D:\maven\repository\org\hibernate\hibernate-validator\5.2.4.Final\hibernate-validator-5.2.4.Final.jar;D:\maven\repository\javax\validation\validation-api\1.1.0.Final\validation-api-1.1.0.Final.jar;D:\maven\repository\com\fasterxml\classmate\1.1.0\classmate-1.1.0.jar;D:\maven\repository\org\hibernate\hibernate-core\5.2.1.Final\hibernate-core-5.2.1.Final.jar;D:\
Launcher Type: SUN_STANDARD

Environment Variables:
JAVA_HOME=C:\Program Files\Java\jdk1.8.0_91
CLASSPATH= .;C:\Program Files\Java\jdk1.8.0_91\lib;C:\Program Files\Java\jdk1.8.0_91\lib\tools.jar
PATH=C:/Program Files/Java/jre1.8.0_91/bin/server;C:/Program Files/Java/jre1.8.0_91/bin;C:/Program Files/Java/jre1.8.0_91/lib/amd64;C:\ProgramData\Oracle\Java\javapath;C:\Program Files (x86)\Intel\iCLS Client\;C:\Program Files\Intel\iCLS Client\;C:\Windows\system32;C:\Windows;C:\Windows\System32\Wbem;C:\Windows\System32\WindowsPowerShell\v1.0\;C:\Program Files\Intel\Intel(R) Management Engine Components\DAL;C:\Program Files\Intel\Intel(R) Management Engine Components\IPT;C:\Program Files (x86)\Intel\Intel(R) Management Engine Components\DAL;C:\Program Files (x86)\Intel\Intel(R) Management Engine Components\IPT;C:\Program Files\Java\jdk1.8.0_91\bin;C:\Program Files\Java\jdk1.8.0_91\jre\bin;C:\Program Files\TortoiseSVN\bin ;D:\Java\apache-maven-3.3.9\bin;C:\Program Files\TortoiseSVN\bin;D:\Program Files\apache-tomcat-8.0.36\bin;D:\Program Files\spring\sts-bundle\sts-3.8.1.RELEASE;
USERNAME=User
OS=Windows_NT
PROCESSOR_IDENTIFIER=Intel64 Family 6 Model 60 Stepping 3, GenuineIntel



---------------  S Y S T E M  ---------------

OS: Windows 7 , 64 bit Build 7601 (6.1.7601.19135)

CPU:total 4 (2 cores per cpu, 2 threads per core) family 6 model 60 stepping 3, cmov, cx8, fxsr, mmx, sse, sse2, sse3, ssse3, sse4.1, sse4.2, popcnt, avx, avx2, aes, clmul, erms, lzcnt, ht, tsc, tscinvbit, bmi1, bmi2

Memory: 4k page, physical 4110880k(234884k free), swap 16441684k(5196k free)

vm_info: Java HotSpot(TM) 64-Bit Server VM (25.91-b15) for windows-amd64 JRE (1.8.0_91-b15), built on May 20 2016 17:43:15 by "java_re" with MS VC++ 10.0 (VS2010)

time: Wed Sep 07 16:52:49 2016
elapsed time: 3 seconds (0d 0h 0m 3s)

